mié sep  3 22:20:37 UYT 2008
jue sep  4 02:35:33 UYT 2008
vie sep  5 02:34:19 UYT 2008
sáb sep  6 02:34:19 UYT 2008
dom sep  7 02:35:00 UYT 2008
lun sep  8 02:35:05 UYT 2008
mar sep  9 02:35:07 UYT 2008
mié sep 10 02:35:12 UYT 2008
jue sep 11 02:35:10 UYT 2008
vie sep 12 02:35:06 UYT 2008
sáb sep 13 02:34:17 UYT 2008
dom sep 14 02:35:01 UYT 2008
lun sep 15 02:34:15 UYT 2008
mar sep 16 02:34:15 UYT 2008
mié sep 17 02:34:18 UYT 2008
jue sep 18 02:34:16 UYT 2008
vie sep 19 02:34:54 UYT 2008
sáb sep 20 02:34:56 UYT 2008
dom sep 21 02:34:56 UYT 2008
lun sep 22 02:34:56 UYT 2008
mar sep 23 02:34:57 UYT 2008
mié sep 24 02:34:55 UYT 2008
jue sep 25 02:34:53 UYT 2008
vie sep 26 02:39:51 UYT 2008
sáb sep 27 02:39:38 UYT 2008
dom sep 28 02:39:39 UYT 2008
lun sep 29 02:39:40 UYT 2008
mar sep 30 02:39:36 UYT 2008
mié oct  1 02:37:58 UYT 2008
jue oct  2 02:38:03 UYT 2008
vie oct  3 02:38:22 UYT 2008
sáb oct  4 02:38:27 UYT 2008
dom oct  5 04:03:03 UYST 2008
lun oct  6 02:38:50 UYST 2008
mar oct  7 02:38:52 UYST 2008
mié oct  8 02:38:55 UYST 2008
jue oct  9 02:38:57 UYST 2008
vie oct 10 02:38:56 UYST 2008
sáb oct 11 02:38:53 UYST 2008
dom oct 12 02:38:51 UYST 2008
lun oct 13 02:38:49 UYST 2008
mar oct 14 02:38:49 UYST 2008
mié oct 15 02:38:50 UYST 2008
jue oct 16 02:38:07 UYST 2008
vie oct 17 02:38:15 UYST 2008
sáb oct 18 02:38:30 UYST 2008
dom oct 19 02:38:58 UYST 2008
lun oct 20 02:38:55 UYST 2008
mar oct 21 02:38:55 UYST 2008
mié oct 22 02:38:55 UYST 2008
jue oct 23 02:38:54 UYST 2008
vie oct 24 02:38:56 UYST 2008
sáb oct 25 02:38:49 UYST 2008
dom oct 26 02:38:54 UYST 2008
lun oct 27 02:38:50 UYST 2008
mar oct 28 02:38:48 UYST 2008
mié oct 29 02:38:52 UYST 2008
jue oct 30 02:38:50 UYST 2008
vie oct 31 02:36:59 UYST 2008
sáb nov  1 02:37:03 UYST 2008
dom nov  2 02:37:27 UYST 2008
lun nov  3 02:37:25 UYST 2008
mar nov  4 02:37:14 UYST 2008
mié nov  5 02:37:29 UYST 2008
jue nov  6 02:37:30 UYST 2008
vie nov  7 02:37:33 UYST 2008
sáb nov  8 02:37:37 UYST 2008
dom nov  9 02:37:38 UYST 2008
lun nov 10 02:37:43 UYST 2008
mar nov 11 02:37:44 UYST 2008
mié nov 12 02:42:23 UYST 2008
jue nov 13 02:42:54 UYST 2008
vie nov 14 02:42:58 UYST 2008
sáb nov 15 09:24:29 UYST 2008
dom nov 16 02:40:46 UYST 2008
lun nov 17 02:43:21 UYST 2008
mar nov 18 02:43:02 UYST 2008
mié nov 19 02:43:01 UYST 2008
jue nov 20 02:43:29 UYST 2008
vie nov 21 02:37:55 UYST 2008
sáb nov 22 02:36:48 UYST 2008
dom nov 23 02:37:22 UYST 2008
lun nov 24 02:37:47 UYST 2008
mar nov 25 02:36:55 UYST 2008
mié nov 26 02:37:52 UYST 2008
jue nov 27 02:38:12 UYST 2008
vie nov 28 02:38:02 UYST 2008
sáb nov 29 01:31:01 UYST 2008
dom nov 30 01:31:01 UYST 2008
lun dic  1 01:31:02 UYST 2008
mar dic  2 02:36:41 UYST 2008
mié dic  3 02:36:35 UYST 2008
jue dic  4 02:36:36 UYST 2008
vie dic  5 02:36:40 UYST 2008
sáb dic  6 02:36:48 UYST 2008
dom dic  7 02:36:42 UYST 2008
lun dic  8 02:36:54 UYST 2008
mar dic  9 02:36:44 UYST 2008
mié dic 10 02:36:54 UYST 2008
jue dic 11 02:36:37 UYST 2008
vie dic 12 02:36:54 UYST 2008
sáb dic 13 02:37:18 UYST 2008
dom dic 14 02:37:15 UYST 2008
lun dic 15 02:37:35 UYST 2008
mar dic 16 02:37:50 UYST 2008
mié dic 17 01:30:01 UYST 2008
jue dic 18 01:30:01 UYST 2008
vie dic 19 01:30:02 UYST 2008
sáb dic 20 01:30:04 UYST 2008
dom dic 21 01:30:02 UYST 2008
lun dic 22 01:30:01 UYST 2008
mar dic 23 01:30:01 UYST 2008
mar dic 23 21:25:20 UYST 2008
mié dic 24 02:38:21 UYST 2008
jue dic 25 02:38:25 UYST 2008
vie dic 26 02:37:28 UYST 2008
sáb dic 27 02:38:00 UYST 2008
dom dic 28 02:37:20 UYST 2008
lun dic 29 02:37:28 UYST 2008
mar dic 30 02:37:17 UYST 2008
mié dic 31 02:35:18 UYST 2008
jue ene  1 02:35:23 UYST 2009
vie ene  2 02:35:51 UYST 2009
sáb ene  3 02:36:45 UYST 2009
dom ene  4 02:36:15 UYST 2009
lun ene  5 02:36:34 UYST 2009
mar ene  6 02:37:00 UYST 2009
mié ene  7 01:30:02 UYST 2009
jue ene  8 01:30:02 UYST 2009
vie ene  9 01:30:03 UYST 2009
sáb ene 10 02:37:17 UYST 2009
dom ene 11 02:37:13 UYST 2009
lun ene 12 01:30:02 UYST 2009
mar ene 13 01:30:03 UYST 2009
mié ene 14 01:30:03 UYST 2009
jue ene 15 01:30:01 UYST 2009
vie ene 16 04:06:52 UYST 2009
sáb ene 17 04:08:26 UYST 2009
dom ene 18 03:58:57 UYST 2009
lun ene 19 03:58:44 UYST 2009
mar ene 20 04:04:07 UYST 2009
mié ene 21 03:57:32 UYST 2009
jue ene 22 08:14:17 UYST 2009
vie ene 23 03:23:53 UYST 2009
sáb ene 24 03:45:31 UYST 2009
dom ene 25 03:58:31 UYST 2009
lun ene 26 04:07:16 UYST 2009
mar ene 27 04:12:40 UYST 2009
mié ene 28 04:19:31 UYST 2009
jue ene 29 04:22:44 UYST 2009
vie ene 30 04:13:48 UYST 2009
sáb ene 31 03:35:52 UYST 2009
dom feb  1 03:35:59 UYST 2009
lun feb  2 04:09:09 UYST 2009
mar feb  3 03:50:41 UYST 2009
mié feb  4 04:08:43 UYST 2009
jue feb  5 04:13:03 UYST 2009
vie feb  6 04:08:47 UYST 2009
sáb feb  7 08:44:22 UYST 2009
dom feb  8 02:53:52 UYST 2009
lun feb  9 03:02:43 UYST 2009
mar feb 10 04:13:20 UYST 2009
mié feb 11 04:20:02 UYST 2009
jue feb 12 04:21:36 UYST 2009
vie feb 13 03:30:55 UYST 2009
sáb feb 14 03:46:17 UYST 2009
dom feb 15 04:09:34 UYST 2009
lun feb 16 04:30:08 UYST 2009
mar feb 17 04:29:27 UYST 2009
mié feb 18 01:30:01 UYST 2009
jue feb 19 04:39:02 UYST 2009
vie feb 20 01:30:01 UYST 2009
sáb feb 21 01:30:01 UYST 2009
dom feb 22 01:30:01 UYST 2009
lun feb 23 01:30:01 UYST 2009
mar feb 24 01:30:01 UYST 2009
mié feb 25 01:30:01 UYST 2009
jue feb 26 04:27:28 UYST 2009
vie feb 27 04:13:59 UYST 2009
sáb feb 28 04:08:42 UYST 2009
dom mar  1 04:13:15 UYST 2009
lun mar  2 04:08:21 UYST 2009
mar mar  3 04:24:18 UYST 2009
mié mar  4 04:19:21 UYST 2009
jue mar  5 03:24:18 UYST 2009
vie mar  6 03:27:40 UYST 2009
sáb mar  7 03:39:13 UYST 2009
dom mar  8 03:45:18 UYT 2009
dom mar  8 04:46:18 UYT 2009
lun mar  9 03:40:05 UYT 2009
mar mar 10 03:37:25 UYT 2009
mié mar 11 03:58:42 UYT 2009
jue mar 12 04:24:18 UYT 2009
vie mar 13 04:36:54 UYT 2009
sáb mar 14 04:38:13 UYT 2009
dom mar 15 04:39:43 UYT 2009
lun mar 16 04:38:29 UYT 2009
mar mar 17 04:18:24 UYT 2009
mié mar 18 04:19:09 UYT 2009
jue mar 19 04:13:23 UYT 2009
vie mar 20 04:15:14 UYT 2009
sáb mar 21 04:16:22 UYT 2009
dom mar 22 03:43:38 UYT 2009
lun mar 23 04:12:12 UYT 2009
mar mar 24 04:24:05 UYT 2009
mié mar 25 04:36:35 UYT 2009
jue mar 26 04:40:47 UYT 2009
vie mar 27 04:39:37 UYT 2009
sáb mar 28 04:40:01 UYT 2009
dom mar 29 03:59:36 UYT 2009
lun mar 30 03:20:16 UYT 2009
mar mar 31 03:30:35 UYT 2009
mié abr  1 03:45:34 UYT 2009
jue abr  2 03:44:47 UYT 2009
vie abr  3 03:48:34 UYT 2009
sáb abr  4 03:49:56 UYT 2009
dom abr  5 04:12:45 UYT 2009
lun abr  6 04:13:21 UYT 2009
mar abr  7 03:31:03 UYT 2009
mié abr  8 04:03:40 UYT 2009
jue abr  9 04:24:25 UYT 2009
vie abr 10 04:28:38 UYT 2009
sáb abr 11 04:40:02 UYT 2009
dom abr 12 04:40:44 UYT 2009
lun abr 13 04:38:28 UYT 2009
mar abr 14 04:39:55 UYT 2009
mié abr 15 03:54:20 UYT 2009
jue abr 16 03:17:11 UYT 2009
vie abr 17 03:42:10 UYT 2009
sáb abr 18 04:01:25 UYT 2009
